\BOOKMARK [1][-]{section*.2}{\376\377\000A\000c\000k\000n\000o\000w\000l\000e\000d\000g\000m\000e\000n\000t\000s}{}% 1
\BOOKMARK [1][-]{section*.5}{\376\377\000A\000b\000s\000t\000r\000a\000c\000t}{}% 2
\BOOKMARK [0][-]{chapter.1}{\376\377\000P\000R\000O\000J\000E\000C\000T\000\040\000J\000U\000S\000T\000I\000F\000I\000C\000A\000T\000I\000O\000N}{}% 3
\BOOKMARK [0][-]{chapter.2}{\376\377\000S\000T\000A\000T\000E\000\040\000O\000F\000\040\000A\000R\000T}{}% 4
\BOOKMARK [1][-]{section.2.1}{\376\377\000E\000v\000o\000l\000u\000t\000i\000o\000n\000\040\000a\000n\000d\000\040\000C\000l\000a\000s\000s\000i\000f\000i\000c\000a\000t\000i\000o\000n}{chapter.2}% 5
\BOOKMARK [1][-]{section.2.2}{\376\377\000C\000o\000n\000t\000r\000o\000l\000\040\000S\000t\000r\000a\000t\000e\000g\000i\000e\000s\000\040\000a\000n\000d\000\040\000P\000a\000t\000i\000e\000n\000t\000\040\000I\000n\000t\000e\000r\000a\000c\000t\000i\000o\000n}{chapter.2}% 6
\BOOKMARK [1][-]{section.2.3}{\376\377\000D\000e\000s\000i\000g\000n\000\040\000O\000p\000t\000i\000m\000i\000z\000a\000t\000i\000o\000n\000\040\000a\000n\000d\000\040\000A\000c\000t\000u\000a\000t\000i\000o\000n\000\040\000R\000e\000d\000u\000n\000d\000a\000n\000c\000y}{chapter.2}% 7
\BOOKMARK [1][-]{section.2.4}{\376\377\000I\000n\000t\000e\000g\000r\000a\000t\000i\000o\000n\000\040\000o\000f\000\040\000E\000M\000G\000\040\000a\000n\000d\000\040\000M\000a\000c\000h\000i\000n\000e\000\040\000L\000e\000a\000r\000n\000i\000n\000g}{chapter.2}% 8
\BOOKMARK [1][-]{section.2.5}{\376\377\000C\000l\000i\000n\000i\000c\000a\000l\000\040\000V\000a\000l\000i\000d\000a\000t\000i\000o\000n\000\040\000a\000n\000d\000\040\000H\000o\000m\000e\000-\000B\000a\000s\000e\000d\000\040\000A\000p\000p\000l\000i\000c\000a\000t\000i\000o\000n\000s}{chapter.2}% 9
\BOOKMARK [1][-]{section.2.6}{\376\377\000R\000e\000s\000e\000a\000r\000c\000h\000\040\000G\000a\000p\000s\000\040\000a\000n\000d\000\040\000F\000u\000t\000u\000r\000e\000\040\000D\000i\000r\000e\000c\000t\000i\000o\000n\000s}{chapter.2}% 10
\BOOKMARK [0][-]{chapter.3}{\376\377\000O\000B\000J\000E\000C\000T\000I\000V\000E\000S}{}% 11
\BOOKMARK [1][-]{section.3.1}{\376\377\000G\000e\000n\000e\000r\000a\000l}{chapter.3}% 12
\BOOKMARK [1][-]{section.3.2}{\376\377\000S\000p\000e\000c\000i\000f\000i\000c\000s}{chapter.3}% 13
\BOOKMARK [0][-]{chapter.4}{\376\377\000D\000E\000L\000I\000M\000I\000T\000A\000T\000I\000O\000N\000\040\000A\000N\000D\000\040\000S\000C\000O\000P\000E}{}% 14
\BOOKMARK [0][-]{chapter.5}{\376\377\000H\000Y\000P\000O\000T\000H\000E\000S\000I\000S}{}% 15
\BOOKMARK [0][-]{chapter.6}{\376\377\000T\000H\000E\000R\000O\000T\000I\000C\000A\000L\000\040\000F\000R\000A\000M\000E\000W\000O\000R\000K}{}% 16
\BOOKMARK [1][-]{section.6.1}{\376\377\000t\000h\000e\000o\000r\000e\000t\000i\000c\000a\000l\000\040\000f\000r\000a\000m\000e\000w\000o\000r\000k}{chapter.6}% 17
\BOOKMARK [1][-]{section.6.2}{\376\377\000H\000u\000m\000a\000n\000\040\000g\000a\000i\000t}{chapter.6}% 18
\BOOKMARK [0][-]{chapter.7}{\376\377\000M\000A\000T\000E\000R\000I\000A\000L\000S\000\040\000A\000N\000D\000\040\000M\000E\000T\000H\000O\000D\000S}{}% 19
\BOOKMARK [0][-]{chapter.8}{\376\377\000S\000C\000H\000E\000D\000U\000L\000E}{}% 20
\BOOKMARK [0][-]{chapter.9}{\376\377\000P\000R\000O\000J\000E\000C\000T\000\040\000R\000E\000S\000O\000U\000R\000C\000E\000S}{}% 21
